Microsoft HTML Help Compiler 4.74.8702

Compiling i:\mz3_svn\mz3_svn\doc\Help Files\MZ3 for Windows\MZ3 for Windows.chm

2007102393625771.htm
2007101519554875.htm
2007101520112677.htm
20071015202046918.htm
20071015202313302.htm
20071015203825483.htm
20071015204217469.htm
20071015204554227.htm
20071015204230561.htm
2007101520254759.htm
200710152144713.htm
2007101521525162.htm
2007101521539457.htm
200710181218241.htm
20071018112458678.htm
20071018113110234.htm
2007101811312273.htm
20071018113126550.htm
20071018113132571.htm
2007101521218532.htm
20071015212015782.htm
2007101521202861.htm
20071015212038156.htm
20071016114848779.htm
20071015212744984.htm
20071015212856682.htm
20071015213350238.htm
20071015212924953.htm
20071015212940495.htm
20071015212950282.htm
2007101521389561.htm
2007101911119379.htm
2007101911133503.htm
20071015213024886.htm
20071015214536314.htm
20071015214558118.htm
2007101521468163.htm
20071015214613341.htm
20071015214623257.htm
2007101893040895.htm
20071015214639295.htm
20071015214630138.htm
20071015215259966.htm
TortoiseSVN\css.css
TortoiseSVN\footer.htm
TortoiseSVN\grade.jpg
TortoiseSVN\header.htm
MZ3 for Windows.hhc
MZ3 for Windows.hhk
2007101521515667.htm

Compile time: 0 minutes, 2 seconds
48	Topics
508	Local links
48	Internet links
0	Graphics


Created i:\mz3_svn\mz3_svn\doc\Help Files\MZ3 for Windows\MZ3 for Windows.chm, 64,290 bytes
Compression decreased file by 69,228 bytes.
